[2026-02-01 05:27:04] [溢价告警] 钢铁LOF(168203) 溢价率: 12.78% (阈值: 10.0%)
[2026-02-01 05:29:34] [溢价告警] 国富恒利债券LOF(164509) 溢价率: 10.42% (阈值: 10.0%)
[2026-02-01 05:30:51] [溢价告警] 石油LOF(162719) 溢价率: 32.57% (阈值: 10.0%)
[2026-02-01 05:31:26] [溢价告警] 金鹰元盛债券LOF(162108) 溢价率: 10.10% (阈值: 10.0%)
[2026-02-01 05:33:01] [溢价告警] 国投资源LOF(161217) 溢价率: 10.48% (阈值: 10.0%)
[2026-02-01 05:33:14] [溢价告警] 原油LOF易方达(161129) 溢价率: 13.14% (阈值: 10.0%)
[2026-02-01 05:36:28] [溢价告警] 石油基金LOF(160416) 溢价率: 32.84% (阈值: 10.0%)
[2026-02-01 05:38:37] [溢价告警] 行业轮动FOF(501220) 溢价率: 15.45% (阈值: 10.0%)
[2026-02-01 05:42:21] [溢价告警] 南方原油LOF(501018) 溢价率: 26.14% (阈值: 10.0%)
[2026-02-01 06:09:41] [溢价告警] 钢铁LOF(168203) 溢价率: 12.78% (阈值: 10.0%)
[2026-02-01 06:11:11] [溢价告警] 国富恒利债券LOF(164509) 溢价率: 10.42% (阈值: 10.0%)
[2026-02-01 06:12:03] [溢价告警] 石油LOF(162719) 溢价率: 32.57% (阈值: 10.0%)
[2026-02-01 06:12:31] [溢价告警] 金鹰元盛债券LOF(162108) 溢价率: 10.10% (阈值: 10.0%)
[2026-02-01 06:13:32] [溢价告警] 国投资源LOF(161217) 溢价率: 10.48% (阈值: 10.0%)
[2026-02-01 06:13:39] [溢价告警] 原油LOF易方达(161129) 溢价率: 13.14% (阈值: 10.0%)
[2026-02-01 06:16:43] [溢价告警] 石油基金LOF(160416) 溢价率: 32.84% (阈值: 10.0%)
[2026-02-01 06:18:55] [溢价告警] 行业轮动FOF(501220) 溢价率: 15.45% (阈值: 10.0%)
[2026-02-01 06:21:28] [溢价告警] 南方原油LOF(501018) 溢价率: 26.14% (阈值: 10.0%)
[2026-02-01 06:48:17] [溢价告警] 钢铁LOF(168203) 溢价率: 12.78% (阈值: 10.0%)
[2026-02-01 06:49:49] [溢价告警] 国富恒利债券LOF(164509) 溢价率: 10.42% (阈值: 10.0%)
[2026-02-01 06:50:39] [溢价告警] 石油LOF(162719) 溢价率: 32.57% (阈值: 10.0%)
[2026-02-01 06:51:00] [溢价告警] 金鹰元盛债券LOF(162108) 溢价率: 10.10% (阈值: 10.0%)
[2026-02-01 06:52:08] [溢价告警] 国投资源LOF(161217) 溢价率: 10.48% (阈值: 10.0%)
[2026-02-01 06:52:16] [溢价告警] 原油LOF易方达(161129) 溢价率: 13.14% (阈值: 10.0%)
[2026-02-01 06:54:54] [溢价告警] 石油基金LOF(160416) 溢价率: 32.84% (阈值: 10.0%)
[2026-02-01 06:56:38] [溢价告警] 行业轮动FOF(501220) 溢价率: 15.45% (阈值: 10.0%)
[2026-02-01 06:59:08] [溢价告警] 南方原油LOF(501018) 溢价率: 26.14% (阈值: 10.0%)
[2026-02-01 07:33:10] [溢价告警] 钢铁LOF(168203) 溢价率: 12.78% (阈值: 10.0%)
[2026-02-01 07:34:35] [溢价告警] 国富恒利债券LOF(164509) 溢价率: 10.42% (阈值: 10.0%)
[2026-02-01 07:35:14] [溢价告警] 石油LOF(162719) 溢价率: 32.57% (阈值: 10.0%)
[2026-02-01 07:35:32] [溢价告警] 金鹰元盛债券LOF(162108) 溢价率: 10.10% (阈值: 10.0%)
[2026-02-01 07:36:24] [溢价告警] 国投资源LOF(161217) 溢价率: 10.48% (阈值: 10.0%)
[2026-02-01 07:36:32] [溢价告警] 原油LOF易方达(161129) 溢价率: 13.14% (阈值: 10.0%)
[2026-02-01 07:38:31] [溢价告警] 石油基金LOF(160416) 溢价率: 32.84% (阈值: 10.0%)
[2026-02-01 07:39:56] [溢价告警] 行业轮动FOF(501220) 溢价率: 15.45% (阈值: 10.0%)
[2026-02-01 07:42:04] [溢价告警] 南方原油LOF(501018) 溢价率: 26.14% (阈值: 10.0%)
[2026-02-01 14:07:35] [溢价告警] 钢铁LOF(168203) 溢价率: 12.78% (阈值: 10.0%)
[2026-02-01 14:11:38] [溢价告警] 国富恒利债券LOF(164509) 溢价率: 10.42% (阈值: 10.0%)
[2026-02-01 14:13:42] [溢价告警] 石油LOF(162719) 溢价率: 32.57% (阈值: 10.0%)
[2026-02-01 14:15:06] [溢价告警] 金鹰元盛债券LOF(162108) 溢价率: 10.10% (阈值: 10.0%)
[2026-02-01 14:17:34] [溢价告警] 国投资源LOF(161217) 溢价率: 10.48% (阈值: 10.0%)
[2026-02-01 14:17:58] [溢价告警] 原油LOF易方达(161129) 溢价率: 13.14% (阈值: 10.0%)
[2026-02-01 14:22:38] [溢价告警] 石油基金LOF(160416) 溢价率: 32.84% (阈值: 10.0%)
[2026-02-01 14:25:37] [溢价告警] 行业轮动FOF(501220) 溢价率: 15.45% (阈值: 10.0%)
[2026-02-01 14:30:07] [溢价告警] 南方原油LOF(501018) 溢价率: 26.14% (阈值: 10.0%)
[2026-02-02 04:40:33] [溢价告警] 石油LOF(162719) 溢价率: 19.29% (阈值: 10.0%)
[2026-02-02 04:43:02] [溢价告警] 国投白银LOF(161226) 溢价率: 43.80% (阈值: 10.0%)
[2026-02-02 04:47:23] [溢价告警] 石油基金LOF(160416) 溢价率: 19.53% (阈值: 10.0%)
[2026-02-02 04:52:59] [溢价告警] 南方原油LOF(501018) 溢价率: 13.54% (阈值: 10.0%)
[2026-02-02 07:00:19] [溢价告警] 石油LOF(162719) 溢价率: 19.29% (阈值: 10.0%)
[2026-02-02 07:01:59] [溢价告警] 国投白银LOF(161226) 溢价率: 43.80% (阈值: 10.0%)
[2026-02-02 07:05:30] [溢价告警] 石油基金LOF(160416) 溢价率: 19.53% (阈值: 10.0%)
[2026-02-02 07:10:07] [溢价告警] 南方原油LOF(501018) 溢价率: 13.54% (阈值: 10.0%)
[2026-02-03 03:21:27] [溢价告警] 国投白银LOF(161226) 溢价率: 88.94% (阈值: 10.0%)
[2026-02-03 05:10:40] [溢价告警] 国投白银LOF(161226) 溢价率: 88.94% (阈值: 10.0%)
[2026-02-03 05:34:38] [溢价告警] 国投白银LOF(161226) 溢价率: 88.94% (阈值: 10.0%)
[2026-02-04 03:14:40] [溢价告警] 国投白银LOF(161226) 溢价率: 64.60% (阈值: 10.0%)
[2026-02-04 05:23:19] [溢价告警] 国投白银LOF(161226) 溢价率: 64.60% (阈值: 10.0%)
[2026-02-05 03:16:55] [溢价告警] 国投白银LOF(161226) 溢价率: 37.13% (阈值: 10.0%)
[2026-02-05 05:39:32] [溢价告警] 国投白银LOF(161226) 溢价率: 37.13% (阈值: 10.0%)
[2026-02-06 03:13:42] [溢价告警] 国投白银LOF(161226) 溢价率: 28.73% (阈值: 10.0%)
[2026-02-06 03:18:12] [溢价告警] 全球芯片LOF(501225) 溢价率: 11.68% (阈值: 10.0%)
[2026-02-06 05:38:41] [溢价告警] 国投白银LOF(161226) 溢价率: 28.73% (阈值: 10.0%)
[2026-02-06 05:44:31] [溢价告警] 全球芯片LOF(501225) 溢价率: 10.74% (阈值: 10.0%)
[2026-02-07 02:55:44] [溢价告警] 国投白银LOF(161226) 溢价率: 49.05% (阈值: 10.0%)
[2026-02-07 03:01:51] [溢价告警] 全球芯片LOF(501225) 溢价率: 10.60% (阈值: 10.0%)
[2026-02-07 05:17:57] [溢价告警] 国投白银LOF(161226) 溢价率: 49.05% (阈值: 10.0%)
[2026-02-07 05:23:31] [溢价告警] 全球芯片LOF(501225) 溢价率: 10.60% (阈值: 10.0%)
[2026-02-08 03:41:00] [溢价告警] 国投白银LOF(161226) 溢价率: 49.05% (阈值: 10.0%)
[2026-02-08 03:47:28] [溢价告警] 全球芯片LOF(501225) 溢价率: 10.60% (阈值: 10.0%)
[2026-02-08 05:46:08] [溢价告警] 国投白银LOF(161226) 溢价率: 49.05% (阈值: 10.0%)
[2026-02-08 05:51:17] [溢价告警] 全球芯片LOF(501225) 溢价率: 10.60% (阈值: 10.0%)
[2026-02-09 03:23:15] [溢价告警] 招商丰泰LOF(161722) 溢价率: 10.29% (阈值: 10.0%)
[2026-02-09 03:23:42] [溢价告警] 国投白银LOF(161226) 溢价率: 58.67% (阈值: 10.0%)
[2026-02-09 03:28:41] [溢价告警] 全球芯片LOF(501225) 溢价率: 14.72% (阈值: 10.0%)
[2026-02-09 05:48:10] [溢价告警] 国投白银LOF(161226) 溢价率: 57.03% (阈值: 10.0%)
[2026-02-09 05:52:37] [溢价告警] 全球芯片LOF(501225) 溢价率: 14.82% (阈值: 10.0%)
[2026-02-10 03:32:33] [溢价告警] 国投白银LOF(161226) 溢价率: 43.78% (阈值: 10.0%)
[2026-02-10 03:37:52] [溢价告警] 全球芯片LOF(501225) 溢价率: 10.89% (阈值: 10.0%)
[2026-02-10 03:40:28] [溢价告警] 南方原油LOF(501018) 溢价率: 11.52% (阈值: 10.0%)
[2026-02-10 05:50:31] [溢价告警] 国投白银LOF(161226) 溢价率: 42.86% (阈值: 10.0%)
[2026-02-10 05:55:24] [溢价告警] 全球芯片LOF(501225) 溢价率: 10.80% (阈值: 10.0%)
[2026-02-10 05:57:55] [溢价告警] 南方原油LOF(501018) 溢价率: 11.69% (阈值: 10.0%)
[2026-02-11 03:30:34] [溢价告警] 国投白银LOF(161226) 溢价率: 36.00% (阈值: 10.0%)
[2026-02-11 03:31:02] [溢价告警] 原油LOF易方达(161129) 溢价率: 14.52% (阈值: 10.0%)
[2026-02-11 03:40:09] [溢价告警] 南方原油LOF(501018) 溢价率: 16.24% (阈值: 10.0%)
[2026-02-11 05:48:41] [溢价告警] 国投白银LOF(161226) 溢价率: 36.32% (阈值: 10.0%)
[2026-02-11 05:49:00] [溢价告警] 原油LOF易方达(161129) 溢价率: 12.98% (阈值: 10.0%)
[2026-02-11 05:55:44] [溢价告警] 南方原油LOF(501018) 溢价率: 16.00% (阈值: 10.0%)
[2026-02-12 03:24:34] [溢价告警] 国投白银LOF(161226) 溢价率: 29.64% (阈值: 10.0%)
[2026-02-12 03:24:54] [溢价告警] 原油LOF易方达(161129) 溢价率: 13.54% (阈值: 10.0%)
[2026-02-12 03:27:52] [溢价告警] 石油基金LOF(160416) 溢价率: 10.96% (阈值: 10.0%)
[2026-02-12 03:29:47] [溢价告警] 全球芯片LOF(501225) 溢价率: 12.33% (阈值: 10.0%)
[2026-02-12 03:32:27] [溢价告警] 南方原油LOF(501018) 溢价率: 12.87% (阈值: 10.0%)
[2026-02-12 05:44:47] [溢价告警] 国投白银LOF(161226) 溢价率: 27.12% (阈值: 10.0%)
[2026-02-12 05:45:09] [溢价告警] 原油LOF易方达(161129) 溢价率: 11.92% (阈值: 10.0%)
[2026-02-12 05:47:42] [溢价告警] 石油基金LOF(160416) 溢价率: 10.23% (阈值: 10.0%)
[2026-02-12 05:49:28] [溢价告警] 全球芯片LOF(501225) 溢价率: 13.00% (阈值: 10.0%)
[2026-02-12 05:51:40] [溢价告警] 南方原油LOF(501018) 溢价率: 11.72% (阈值: 10.0%)
[2026-02-13 03:25:33] [溢价告警] 国投白银LOF(161226) 溢价率: 17.98% (阈值: 10.0%)
[2026-02-13 03:30:48] [溢价告警] 全球芯片LOF(501225) 溢价率: 10.94% (阈值: 10.0%)
[2026-02-13 05:41:49] [溢价告警] 国投白银LOF(161226) 溢价率: 19.62% (阈值: 10.0%)
[2026-02-13 05:46:48] [溢价告警] 全球芯片LOF(501225) 溢价率: 10.77% (阈值: 10.0%)
[2026-02-14 03:10:25] [溢价告警] 国投白银LOF(161226) 溢价率: 27.61% (阈值: 10.0%)
[2026-02-14 03:13:39] [溢价告警] 全球芯片LOF(501225) 溢价率: 14.62% (阈值: 10.0%)
[2026-02-14 05:19:06] [溢价告警] 国投白银LOF(161226) 溢价率: 27.61% (阈值: 10.0%)
[2026-02-14 05:23:44] [溢价告警] 全球芯片LOF(501225) 溢价率: 14.62% (阈值: 10.0%)
[2026-02-15 03:25:16] [溢价告警] 国投白银LOF(161226) 溢价率: 27.61% (阈值: 10.0%)
[2026-02-15 03:30:06] [溢价告警] 全球芯片LOF(501225) 溢价率: 14.62% (阈值: 10.0%)
[2026-02-15 05:37:34] [溢价告警] 国投白银LOF(161226) 溢价率: 27.61% (阈值: 10.0%)
[2026-02-15 05:42:32] [溢价告警] 全球芯片LOF(501225) 溢价率: 14.62% (阈值: 10.0%)
[2026-02-16 03:21:59] [溢价告警] 国投白银LOF(161226) 溢价率: 27.61% (阈值: 10.0%)
[2026-02-16 03:26:55] [溢价告警] 全球芯片LOF(501225) 溢价率: 14.62% (阈值: 10.0%)
[2026-02-16 05:47:18] [溢价告警] 国投白银LOF(161226) 溢价率: 27.61% (阈值: 10.0%)
[2026-02-16 05:51:40] [溢价告警] 全球芯片LOF(501225) 溢价率: 14.62% (阈值: 10.0%)
[2026-02-17 03:16:36] [溢价告警] 国投白银LOF(161226) 溢价率: 27.61% (阈值: 10.0%)
[2026-02-17 03:21:15] [溢价告警] 全球芯片LOF(501225) 溢价率: 14.62% (阈值: 10.0%)
[2026-02-17 05:40:20] [溢价告警] 国投白银LOF(161226) 溢价率: 27.61% (阈值: 10.0%)
[2026-02-17 05:45:05] [溢价告警] 全球芯片LOF(501225) 溢价率: 14.62% (阈值: 10.0%)
[2026-02-18 03:19:20] [溢价告警] 国投白银LOF(161226) 溢价率: 27.61% (阈值: 10.0%)
[2026-02-18 03:23:41] [溢价告警] 全球芯片LOF(501225) 溢价率: 14.62% (阈值: 10.0%)
[2026-02-18 05:41:36] [溢价告警] 国投白银LOF(161226) 溢价率: 27.61% (阈值: 10.0%)
[2026-02-18 05:45:33] [溢价告警] 全球芯片LOF(501225) 溢价率: 14.62% (阈值: 10.0%)
[2026-02-19 03:18:21] [溢价告警] 国投白银LOF(161226) 溢价率: 27.61% (阈值: 10.0%)
[2026-02-19 03:23:18] [溢价告警] 全球芯片LOF(501225) 溢价率: 14.62% (阈值: 10.0%)
[2026-02-19 05:41:00] [溢价告警] 国投白银LOF(161226) 溢价率: 27.61% (阈值: 10.0%)
[2026-02-19 05:45:58] [溢价告警] 全球芯片LOF(501225) 溢价率: 14.62% (阈值: 10.0%)
[2026-02-20 03:14:09] [溢价告警] 国投白银LOF(161226) 溢价率: 27.61% (阈值: 10.0%)
[2026-02-20 03:17:36] [溢价告警] 全球芯片LOF(501225) 溢价率: 14.62% (阈值: 10.0%)
[2026-02-20 05:35:24] [溢价告警] 国投白银LOF(161226) 溢价率: 27.61% (阈值: 10.0%)
[2026-02-20 05:38:40] [溢价告警] 全球芯片LOF(501225) 溢价率: 14.62% (阈值: 10.0%)
[2026-02-21 02:54:09] [溢价告警] 国投白银LOF(161226) 溢价率: 27.61% (阈值: 10.0%)
[2026-02-21 03:00:07] [溢价告警] 全球芯片LOF(501225) 溢价率: 14.62% (阈值: 10.0%)
[2026-02-21 05:17:28] [溢价告警] 国投白银LOF(161226) 溢价率: 27.61% (阈值: 10.0%)
[2026-02-21 05:21:45] [溢价告警] 全球芯片LOF(501225) 溢价率: 14.62% (阈值: 10.0%)
[2026-02-22 03:20:30] [溢价告警] 国投白银LOF(161226) 溢价率: 27.61% (阈值: 10.0%)
[2026-02-22 03:25:29] [溢价告警] 全球芯片LOF(501225) 溢价率: 14.62% (阈值: 10.0%)
[2026-02-22 05:35:35] [溢价告警] 国投白银LOF(161226) 溢价率: 27.61% (阈值: 10.0%)
[2026-02-22 05:40:12] [溢价告警] 全球芯片LOF(501225) 溢价率: 14.62% (阈值: 10.0%)
[2026-02-23 03:23:17] [溢价告警] 国投白银LOF(161226) 溢价率: 27.61% (阈值: 10.0%)
[2026-02-23 03:28:00] [溢价告警] 全球芯片LOF(501225) 溢价率: 14.62% (阈值: 10.0%)
[2026-02-23 05:49:26] [溢价告警] 国投白银LOF(161226) 溢价率: 27.61% (阈值: 10.0%)
[2026-02-23 05:54:45] [溢价告警] 全球芯片LOF(501225) 溢价率: 14.62% (阈值: 10.0%)
[2026-02-24 03:18:23] [溢价告警] 国投白银LOF(161226) 溢价率: 38.92% (阈值: 10.0%)
[2026-02-24 03:18:45] [溢价告警] 原油LOF易方达(161129) 溢价率: 18.79% (阈值: 10.0%)
[2026-02-24 03:20:23] [溢价告警] 嘉实原油LOF(160723) 溢价率: 11.65% (阈值: 10.0%)
[2026-02-24 03:21:47] [溢价告警] 石油基金LOF(160416) 溢价率: 14.05% (阈值: 10.0%)
[2026-02-24 03:23:34] [溢价告警] 全球芯片LOF(501225) 溢价率: 14.13% (阈值: 10.0%)
[2026-02-24 03:26:04] [溢价告警] 南方原油LOF(501018) 溢价率: 19.13% (阈值: 10.0%)
[2026-02-24 05:41:37] [溢价告警] 国投白银LOF(161226) 溢价率: 39.06% (阈值: 10.0%)
[2026-02-24 05:41:55] [溢价告警] 原油LOF易方达(161129) 溢价率: 17.94% (阈值: 10.0%)
[2026-02-24 05:43:28] [溢价告警] 嘉实原油LOF(160723) 溢价率: 10.59% (阈值: 10.0%)
[2026-02-24 05:44:50] [溢价告警] 石油基金LOF(160416) 溢价率: 13.18% (阈值: 10.0%)
[2026-02-24 05:46:32] [溢价告警] 全球芯片LOF(501225) 溢价率: 14.13% (阈值: 10.0%)
[2026-02-24 05:48:41] [溢价告警] 南方原油LOF(501018) 溢价率: 18.30% (阈值: 10.0%)
[2026-02-25 03:19:35] [溢价告警] 国投白银LOF(161226) 溢价率: 35.95% (阈值: 10.0%)
[2026-02-25 03:19:58] [溢价告警] 原油LOF易方达(161129) 溢价率: 25.77% (阈值: 10.0%)
[2026-02-25 03:21:31] [溢价告警] 嘉实原油LOF(160723) 溢价率: 15.93% (阈值: 10.0%)
[2026-02-25 03:22:57] [溢价告警] 石油基金LOF(160416) 溢价率: 23.92% (阈值: 10.0%)
[2026-02-25 03:24:53] [溢价告警] 全球芯片LOF(501225) 溢价率: 13.47% (阈值: 10.0%)
[2026-02-25 03:27:27] [溢价告警] 南方原油LOF(501018) 溢价率: 26.73% (阈值: 10.0%)
[2026-02-25 05:43:28] [溢价告警] 国投白银LOF(161226) 溢价率: 37.57% (阈值: 10.0%)
[2026-02-25 05:43:47] [溢价告警] 原油LOF易方达(161129) 溢价率: 23.25% (阈值: 10.0%)
[2026-02-25 05:45:03] [溢价告警] 嘉实原油LOF(160723) 溢价率: 15.01% (阈值: 10.0%)
[2026-02-25 05:46:10] [溢价告警] 石油基金LOF(160416) 溢价率: 25.45% (阈值: 10.0%)
[2026-02-25 05:47:47] [溢价告警] 全球芯片LOF(501225) 溢价率: 13.43% (阈值: 10.0%)
[2026-02-25 05:49:57] [溢价告警] 南方原油LOF(501018) 溢价率: 26.07% (阈值: 10.0%)
[2026-02-26 03:14:37] [溢价告警] 国投白银LOF(161226) 溢价率: 32.19% (阈值: 10.0%)
[2026-02-26 03:14:54] [溢价告警] 原油LOF易方达(161129) 溢价率: 13.59% (阈值: 10.0%)
[2026-02-26 03:17:02] [溢价告警] 石油基金LOF(160416) 溢价率: 20.24% (阈值: 10.0%)
[2026-02-26 03:18:28] [溢价告警] 全球芯片LOF(501225) 溢价率: 11.13% (阈值: 10.0%)
[2026-02-26 03:20:12] [溢价告警] 南方原油LOF(501018) 溢价率: 13.18% (阈值: 10.0%)
[2026-02-26 05:38:58] [溢价告警] 国投白银LOF(161226) 溢价率: 36.47% (阈值: 10.0%)
[2026-02-26 05:39:12] [溢价告警] 原油LOF易方达(161129) 溢价率: 13.59% (阈值: 10.0%)
[2026-02-26 05:41:16] [溢价告警] 石油基金LOF(160416) 溢价率: 18.54% (阈值: 10.0%)
[2026-02-26 05:42:34] [溢价告警] 全球芯片LOF(501225) 溢价率: 12.21% (阈值: 10.0%)
[2026-02-26 05:43:35] [溢价告警] 南方原油LOF(501018) 溢价率: 14.21% (阈值: 10.0%)
[2026-02-27 03:11:10] [溢价告警] 国投白银LOF(161226) 溢价率: 34.36% (阈值: 10.0%)
[2026-02-27 03:11:23] [溢价告警] 原油LOF易方达(161129) 溢价率: 14.62% (阈值: 10.0%)
[2026-02-27 03:12:57] [溢价告警] 石油基金LOF(160416) 溢价率: 17.91% (阈值: 10.0%)
[2026-02-27 03:14:02] [溢价告警] 全球芯片LOF(501225) 溢价率: 11.64% (阈值: 10.0%)
[2026-02-27 03:15:30] [溢价告警] 南方原油LOF(501018) 溢价率: 14.69% (阈值: 10.0%)
[2026-02-27 05:24:09] [溢价告警] 国投白银LOF(161226) 溢价率: 33.85% (阈值: 10.0%)
[2026-02-27 05:24:26] [溢价告警] 原油LOF易方达(161129) 溢价率: 14.71% (阈值: 10.0%)
[2026-02-27 05:26:49] [溢价告警] 石油基金LOF(160416) 溢价率: 17.66% (阈值: 10.0%)
[2026-02-27 05:28:19] [溢价告警] 全球芯片LOF(501225) 溢价率: 13.49% (阈值: 10.0%)
[2026-02-27 05:30:28] [溢价告警] 南方原油LOF(501018) 溢价率: 14.37% (阈值: 10.0%)
[2026-02-28 02:41:55] [溢价告警] 国投白银LOF(161226) 溢价率: 37.85% (阈值: 10.0%)
[2026-02-28 02:42:08] [溢价告警] 原油LOF易方达(161129) 溢价率: 14.73% (阈值: 10.0%)
[2026-02-28 02:43:46] [溢价告警] 石油基金LOF(160416) 溢价率: 19.80% (阈值: 10.0%)
[2026-02-28 02:44:49] [溢价告警] 全球芯片LOF(501225) 溢价率: 16.34% (阈值: 10.0%)
[2026-02-28 02:46:20] [溢价告警] 南方原油LOF(501018) 溢价率: 14.84% (阈值: 10.0%)
[2026-02-28 05:08:25] [溢价告警] 国投白银LOF(161226) 溢价率: 37.85% (阈值: 10.0%)
[2026-02-28 05:08:46] [溢价告警] 原油LOF易方达(161129) 溢价率: 14.73% (阈值: 10.0%)
[2026-02-28 05:11:47] [溢价告警] 石油基金LOF(160416) 溢价率: 19.80% (阈值: 10.0%)
[2026-02-28 05:13:34] [溢价告警] 全球芯片LOF(501225) 溢价率: 16.34% (阈值: 10.0%)
[2026-02-28 05:16:13] [溢价告警] 南方原油LOF(501018) 溢价率: 14.84% (阈值: 10.0%)
[2026-03-01 03:27:57] [溢价告警] 国投白银LOF(161226) 溢价率: 37.85% (阈值: 10.0%)
[2026-03-01 03:28:03] [溢价告警] 原油LOF易方达(161129) 溢价率: 14.73% (阈值: 10.0%)
[2026-03-01 03:30:34] [溢价告警] 石油基金LOF(160416) 溢价率: 19.80% (阈值: 10.0%)
[2026-03-01 03:32:20] [溢价告警] 全球芯片LOF(501225) 溢价率: 16.34% (阈值: 10.0%)
[2026-03-01 03:34:49] [溢价告警] 南方原油LOF(501018) 溢价率: 14.84% (阈值: 10.0%)
[2026-03-01 05:35:04] [溢价告警] 国投白银LOF(161226) 溢价率: 37.85% (阈值: 10.0%)
[2026-03-01 05:35:15] [溢价告警] 原油LOF易方达(161129) 溢价率: 14.73% (阈值: 10.0%)
[2026-03-01 05:36:43] [溢价告警] 石油基金LOF(160416) 溢价率: 19.80% (阈值: 10.0%)
[2026-03-01 05:37:05] [溢价告警] 全球芯片LOF(501225) 溢价率: 16.34% (阈值: 10.0%)
[2026-03-01 05:37:38] [溢价告警] 南方原油LOF(501018) 溢价率: 14.84% (阈值: 10.0%)
[2026-03-02 03:14:14] [溢价告警] 国投白银LOF(161226) 溢价率: 49.40% (阈值: 10.0%)
[2026-03-02 03:14:33] [溢价告警] 原油LOF易方达(161129) 溢价率: 26.14% (阈值: 10.0%)
[2026-03-02 03:15:30] [溢价告警] 嘉实原油LOF(160723) 溢价率: 16.93% (阈值: 10.0%)
[2026-03-02 03:16:15] [溢价告警] 石油基金LOF(160416) 溢价率: 31.78% (阈值: 10.0%)
[2026-03-02 03:17:24] [溢价告警] 全球芯片LOF(501225) 溢价率: 14.59% (阈值: 10.0%)
[2026-03-02 03:18:56] [溢价告警] 南方原油LOF(501018) 溢价率: 25.85% (阈值: 10.0%)
[2026-03-02 05:24:04] [溢价告警] 国投白银LOF(161226) 溢价率: 48.80% (阈值: 10.0%)
[2026-03-02 05:24:21] [溢价告警] 原油LOF易方达(161129) 溢价率: 26.22% (阈值: 10.0%)
[2026-03-02 05:25:38] [溢价告警] 嘉实原油LOF(160723) 溢价率: 17.82% (阈值: 10.0%)
[2026-03-02 05:26:49] [溢价告警] 石油基金LOF(160416) 溢价率: 31.78% (阈值: 10.0%)
[2026-03-02 05:28:26] [溢价告警] 全球芯片LOF(501225) 溢价率: 15.29% (阈值: 10.0%)
[2026-03-02 05:30:31] [溢价告警] 南方原油LOF(501018) 溢价率: 26.33% (阈值: 10.0%)
[2026-03-03 03:16:27] [溢价告警] 全球油气能源LOF(163208) 溢价率: 17.55% (阈值: 10.0%)
[2026-03-03 03:16:52] [溢价告警] 石油LOF(162719) 溢价率: 18.94% (阈值: 10.0%)
[2026-03-03 03:17:13] [溢价告警] 华宝油气LOF(162411) 溢价率: 17.99% (阈值: 10.0%)
[2026-03-03 03:18:31] [溢价告警] 国投白银LOF(161226) 溢价率: 37.88% (阈值: 10.0%)
[2026-03-03 03:18:51] [溢价告警] 原油LOF易方达(161129) 溢价率: 37.92% (阈值: 10.0%)
[2026-03-03 03:20:28] [溢价告警] 嘉实原油LOF(160723) 溢价率: 28.61% (阈值: 10.0%)
[2026-03-03 03:21:32] [溢价告警] 石油基金LOF(160416) 溢价率: 43.58% (阈值: 10.0%)
[2026-03-03 03:22:58] [溢价告警] 军工LOF(502003) 溢价率: 18.75% (阈值: 10.0%)
[2026-03-03 03:23:17] [溢价告警] 全球芯片LOF(501225) 溢价率: 15.99% (阈值: 10.0%)
[2026-03-03 03:25:41] [溢价告警] 南方原油LOF(501018) 溢价率: 37.55% (阈值: 10.0%)
[2026-03-03 05:21:52] [溢价告警] 全球油气能源LOF(163208) 溢价率: 17.64% (阈值: 10.0%)
[2026-03-03 05:22:17] [溢价告警] 石油LOF(162719) 溢价率: 18.94% (阈值: 10.0%)
[2026-03-03 05:22:40] [溢价告警] 华宝油气LOF(162411) 溢价率: 18.35% (阈值: 10.0%)
[2026-03-03 05:23:55] [溢价告警] 国投白银LOF(161226) 溢价率: 35.97% (阈值: 10.0%)
[2026-03-03 05:24:13] [溢价告警] 原油LOF易方达(161129) 溢价率: 37.92% (阈值: 10.0%)
[2026-03-03 05:25:40] [溢价告警] 嘉实原油LOF(160723) 溢价率: 28.61% (阈值: 10.0%)
[2026-03-03 05:26:57] [溢价告警] 石油基金LOF(160416) 溢价率: 43.58% (阈值: 10.0%)
[2026-03-03 05:28:21] [溢价告警] 军工LOF(502003) 溢价率: 18.75% (阈值: 10.0%)
[2026-03-03 05:28:41] [溢价告警] 全球芯片LOF(501225) 溢价率: 15.23% (阈值: 10.0%)
[2026-03-03 05:30:57] [溢价告警] 南方原油LOF(501018) 溢价率: 37.55% (阈值: 10.0%)
[2026-03-04 02:52:31] [溢价告警] 石油LOF(162719) 溢价率: 16.37% (阈值: 10.0%)
[2026-03-04 02:52:50] [溢价告警] 华宝油气LOF(162411) 溢价率: 10.02% (阈值: 10.0%)
[2026-03-04 02:54:02] [溢价告警] 国投白银LOF(161226) 溢价率: 33.79% (阈值: 10.0%)
[2026-03-04 02:54:20] [溢价告警] 原油LOF易方达(161129) 溢价率: 34.65% (阈值: 10.0%)
[2026-03-04 02:55:40] [溢价告警] 嘉实原油LOF(160723) 溢价率: 23.81% (阈值: 10.0%)
[2026-03-04 02:57:00] [溢价告警] 石油基金LOF(160416) 溢价率: 47.85% (阈值: 10.0%)
[2026-03-04 02:58:27] [溢价告警] 军工LOF(502003) 溢价率: 13.99% (阈值: 10.0%)
[2026-03-04 03:01:09] [溢价告警] 南方原油LOF(501018) 溢价率: 34.05% (阈值: 10.0%)
[2026-03-04 05:16:06] [溢价告警] 石油LOF(162719) 溢价率: 14.74% (阈值: 10.0%)
[2026-03-04 05:17:31] [溢价告警] 国投白银LOF(161226) 溢价率: 32.46% (阈值: 10.0%)
[2026-03-04 05:17:48] [溢价告警] 原油LOF易方达(161129) 溢价率: 33.12% (阈值: 10.0%)
[2026-03-04 05:19:01] [溢价告警] 嘉实原油LOF(160723) 溢价率: 20.63% (阈值: 10.0%)
[2026-03-04 05:20:06] [溢价告警] 石油基金LOF(160416) 溢价率: 47.85% (阈值: 10.0%)
[2026-03-04 05:21:20] [溢价告警] 军工LOF(502003) 溢价率: 13.99% (阈值: 10.0%)
[2026-03-04 05:23:36] [溢价告警] 南方原油LOF(501018) 溢价率: 31.30% (阈值: 10.0%)
[2026-03-05 03:11:34] [溢价告警] 国投白银LOF(161226) 溢价率: 43.71% (阈值: 10.0%)
[2026-03-05 03:11:47] [溢价告警] 原油LOF易方达(161129) 溢价率: 26.21% (阈值: 10.0%)
[2026-03-05 03:12:39] [溢价告警] 嘉实原油LOF(160723) 溢价率: 12.57% (阈值: 10.0%)
[2026-03-05 03:13:26] [溢价告警] 石油基金LOF(160416) 溢价率: 38.64% (阈值: 10.0%)
[2026-03-05 03:14:35] [溢价告警] 全球芯片LOF(501225) 溢价率: 16.66% (阈值: 10.0%)
[2026-03-05 03:16:07] [溢价告警] 南方原油LOF(501018) 溢价率: 20.42% (阈值: 10.0%)
[2026-03-05 05:20:41] [溢价告警] 国投白银LOF(161226) 溢价率: 43.42% (阈值: 10.0%)
[2026-03-05 05:20:56] [溢价告警] 原油LOF易方达(161129) 溢价率: 27.33% (阈值: 10.0%)
[2026-03-05 05:22:05] [溢价告警] 嘉实原油LOF(160723) 溢价率: 14.74% (阈值: 10.0%)
[2026-03-05 05:23:08] [溢价告警] 石油基金LOF(160416) 溢价率: 44.19% (阈值: 10.0%)
[2026-03-05 05:24:32] [溢价告警] 全球芯片LOF(501225) 溢价率: 17.13% (阈值: 10.0%)
[2026-03-05 05:26:29] [溢价告警] 南方原油LOF(501018) 溢价率: 22.22% (阈值: 10.0%)
[2026-03-06 03:11:11] [溢价告警] 国投白银LOF(161226) 溢价率: 38.87% (阈值: 10.0%)
[2026-03-06 03:11:25] [溢价告警] 原油LOF易方达(161129) 溢价率: 19.70% (阈值: 10.0%)
[2026-03-06 03:13:04] [溢价告警] 石油基金LOF(160416) 溢价率: 28.74% (阈值: 10.0%)
[2026-03-06 03:14:15] [溢价告警] 全球芯片LOF(501225) 溢价率: 12.56% (阈值: 10.0%)
[2026-03-06 03:15:43] [溢价告警] 南方原油LOF(501018) 溢价率: 16.12% (阈值: 10.0%)
[2026-03-07 02:49:28] [溢价告警] 国投白银LOF(161226) 溢价率: 39.23% (阈值: 10.0%)
[2026-03-07 02:49:50] [溢价告警] 原油LOF易方达(161129) 溢价率: 13.19% (阈值: 10.0%)
[2026-03-07 02:53:00] [溢价告警] 石油基金LOF(160416) 溢价率: 21.73% (阈值: 10.0%)
[2026-03-07 02:54:58] [溢价告警] 全球芯片LOF(501225) 溢价率: 14.30% (阈值: 10.0%)
[2026-03-07 05:11:46] [溢价告警] 国投白银LOF(161226) 溢价率: 39.23% (阈值: 10.0%)
[2026-03-07 05:11:59] [溢价告警] 原油LOF易方达(161129) 溢价率: 13.19% (阈值: 10.0%)
[2026-03-07 05:14:26] [溢价告警] 石油基金LOF(160416) 溢价率: 21.73% (阈值: 10.0%)
[2026-03-07 05:16:02] [溢价告警] 全球芯片LOF(501225) 溢价率: 14.30% (阈值: 10.0%)
[2026-03-08 03:17:07] [溢价告警] 国投白银LOF(161226) 溢价率: 39.23% (阈值: 10.0%)
[2026-03-08 03:17:25] [溢价告警] 原油LOF易方达(161129) 溢价率: 13.19% (阈值: 10.0%)
[2026-03-08 03:20:21] [溢价告警] 石油基金LOF(160416) 溢价率: 21.73% (阈值: 10.0%)
[2026-03-08 03:22:09] [溢价告警] 全球芯片LOF(501225) 溢价率: 14.30% (阈值: 10.0%)
[2026-03-08 05:19:49] [溢价告警] 国投白银LOF(161226) 溢价率: 39.23% (阈值: 10.0%)
[2026-03-08 05:20:07] [溢价告警] 原油LOF易方达(161129) 溢价率: 13.19% (阈值: 10.0%)
[2026-03-08 05:23:08] [溢价告警] 石油基金LOF(160416) 溢价率: 21.73% (阈值: 10.0%)
[2026-03-08 05:25:09] [溢价告警] 全球芯片LOF(501225) 溢价率: 14.30% (阈值: 10.0%)
[2026-03-09 03:19:10] [溢价告警] 国投白银LOF(161226) 溢价率: 32.86% (阈值: 10.0%)
[2026-03-09 03:19:28] [溢价告警] 原油LOF易方达(161129) 溢价率: 24.52% (阈值: 10.0%)
[2026-03-09 03:20:52] [溢价告警] 嘉实原油LOF(160723) 溢价率: 16.93% (阈值: 10.0%)
[2026-03-09 03:22:06] [溢价告警] 石油基金LOF(160416) 溢价率: 31.05% (阈值: 10.0%)
[2026-03-09 03:26:11] [溢价告警] 南方原油LOF(501018) 溢价率: 20.68% (阈值: 10.0%)
[2026-03-09 05:38:13] [溢价告警] 国投白银LOF(161226) 溢价率: 35.15% (阈值: 10.0%)
[2026-03-09 05:38:24] [溢价告警] 原油LOF易方达(161129) 溢价率: 24.52% (阈值: 10.0%)
[2026-03-09 05:39:18] [溢价告警] 嘉实原油LOF(160723) 溢价率: 16.93% (阈值: 10.0%)
[2026-03-09 05:40:10] [溢价告警] 石油基金LOF(160416) 溢价率: 26.74% (阈值: 10.0%)
[2026-03-09 05:41:17] [溢价告警] 全球芯片LOF(501225) 溢价率: 10.50% (阈值: 10.0%)
[2026-03-09 05:42:40] [溢价告警] 南方原油LOF(501018) 溢价率: 20.68% (阈值: 10.0%)
[2026-03-10 02:53:34] [溢价告警] 国投白银LOF(161226) 溢价率: 41.99% (阈值: 10.0%)
[2026-03-10 02:53:51] [溢价告警] 原油LOF易方达(161129) 溢价率: 10.79% (阈值: 10.0%)
[2026-03-10 02:56:30] [溢价告警] 石油基金LOF(160416) 溢价率: 14.00% (阈值: 10.0%)
[2026-03-10 02:58:08] [溢价告警] 全球芯片LOF(501225) 溢价率: 16.05% (阈值: 10.0%)
[2026-03-10 05:19:18] [溢价告警] 国投白银LOF(161226) 溢价率: 41.32% (阈值: 10.0%)
[2026-03-10 05:19:30] [溢价告警] 原油LOF易方达(161129) 溢价率: 12.84% (阈值: 10.0%)
[2026-03-10 05:21:56] [溢价告警] 石油基金LOF(160416) 溢价率: 14.29% (阈值: 10.0%)
[2026-03-10 05:23:29] [溢价告警] 全球芯片LOF(501225) 溢价率: 15.91% (阈值: 10.0%)
[2026-03-11 02:53:23] [溢价告警] 国投白银LOF(161226) 溢价率: 33.90% (阈值: 10.0%)
[2026-03-11 02:58:04] [溢价告警] 全球芯片LOF(501225) 溢价率: 12.37% (阈值: 10.0%)
[2026-03-11 05:19:56] [溢价告警] 国投白银LOF(161226) 溢价率: 33.23% (阈值: 10.0%)
[2026-03-11 05:23:29] [溢价告警] 全球芯片LOF(501225) 溢价率: 12.47% (阈值: 10.0%)
[2026-03-12 03:15:32] [溢价告警] 国投白银LOF(161226) 溢价率: 26.46% (阈值: 10.0%)
[2026-03-12 03:15:50] [溢价告警] 原油LOF易方达(161129) 溢价率: 16.90% (阈值: 10.0%)
[2026-03-12 03:17:14] [溢价告警] 嘉实原油LOF(160723) 溢价率: 12.76% (阈值: 10.0%)
[2026-03-12 03:18:30] [溢价告警] 石油基金LOF(160416) 溢价率: 16.68% (阈值: 10.0%)
[2026-03-12 03:20:14] [溢价告警] 全球芯片LOF(501225) 溢价率: 10.09% (阈值: 10.0%)
[2026-03-12 03:22:40] [溢价告警] 南方原油LOF(501018) 溢价率: 14.27% (阈值: 10.0%)
[2026-03-12 05:33:32] [溢价告警] 国投白银LOF(161226) 溢价率: 25.60% (阈值: 10.0%)
[2026-03-12 05:33:41] [溢价告警] 原油LOF易方达(161129) 溢价率: 15.75% (阈值: 10.0%)
[2026-03-12 05:34:34] [溢价告警] 嘉实原油LOF(160723) 溢价率: 11.98% (阈值: 10.0%)
[2026-03-12 05:35:30] [溢价告警] 石油基金LOF(160416) 溢价率: 15.40% (阈值: 10.0%)
[2026-03-12 05:38:34] [溢价告警] 南方原油LOF(501018) 溢价率: 13.31% (阈值: 10.0%)
[2026-03-12 11:23:54] [溢价告警] 国投白银LOF(161226) 溢价率: 27.94% (阈值: 10.0%)
[2026-03-12 11:23:55] [溢价告警] 原油LOF易方达(161129) 溢价率: 10.72% (阈值: 10.0%)
[2026-03-12 11:23:57] [溢价告警] 嘉实原油LOF(160723) 溢价率: 10.70% (阈值: 10.0%)
[2026-03-12 11:23:59] [溢价告警] 石油基金LOF(160416) 溢价率: 11.03% (阈值: 10.0%)
[2026-03-12 11:24:10] [溢价告警] 南方原油LOF(501018) 溢价率: 10.00% (阈值: 10.0%)
[2026-03-12 11:30:17] [溢价告警] 国投白银LOF(161226) 溢价率: 27.94% (阈值: 10.0%)
[2026-03-12 11:30:18] [溢价告警] 原油LOF易方达(161129) 溢价率: 10.72% (阈值: 10.0%)
[2026-03-12 11:30:19] [溢价告警] 嘉实原油LOF(160723) 溢价率: 10.70% (阈值: 10.0%)
[2026-03-12 11:30:21] [溢价告警] 石油基金LOF(160416) 溢价率: 11.03% (阈值: 10.0%)
[2026-03-12 11:30:24] [溢价告警] 南方原油LOF(501018) 溢价率: 10.00% (阈值: 10.0%)
[2026-03-12 11:38:58] [溢价告警] 国投白银LOF(161226) 溢价率: 27.94% (阈值: 10.0%)
[2026-03-12 11:39:00] [溢价告警] 原油LOF易方达(161129) 溢价率: 10.72% (阈值: 10.0%)
[2026-03-12 11:39:03] [溢价告警] 嘉实原油LOF(160723) 溢价率: 10.70% (阈值: 10.0%)
[2026-03-12 11:39:09] [溢价告警] 石油基金LOF(160416) 溢价率: 11.03% (阈值: 10.0%)
[2026-03-12 11:39:12] [溢价告警] 南方原油LOF(501018) 溢价率: 10.00% (阈值: 10.0%)
[2026-03-13 03:08:35] [溢价告警] 国投白银LOF(161226) 溢价率: 29.76% (阈值: 10.0%)
[2026-03-13 03:08:39] [溢价告警] 原油LOF易方达(161129) 溢价率: 14.14% (阈值: 10.0%)
[2026-03-13 03:08:41] [溢价告警] 嘉实原油LOF(160723) 溢价率: 13.58% (阈值: 10.0%)
[2026-03-13 03:08:43] [溢价告警] 石油基金LOF(160416) 溢价率: 11.85% (阈值: 10.0%)
[2026-03-13 03:08:45] [溢价告警] 南方原油LOF(501018) 溢价率: 13.05% (阈值: 10.0%)
[2026-03-13 05:19:12] [溢价告警] 国投白银LOF(161226) 溢价率: 29.44% (阈值: 10.0%)
[2026-03-13 05:19:13] [溢价告警] 原油LOF易方达(161129) 溢价率: 13.68% (阈值: 10.0%)
[2026-03-13 05:19:14] [溢价告警] 嘉实原油LOF(160723) 溢价率: 12.97% (阈值: 10.0%)
[2026-03-13 05:19:15] [溢价告警] 石油基金LOF(160416) 溢价率: 10.83% (阈值: 10.0%)
[2026-03-13 05:19:18] [溢价告警] 南方原油LOF(501018) 溢价率: 12.54% (阈值: 10.0%)
[2026-03-14 02:50:46] [溢价告警] 国投白银LOF(161226) 溢价率: 28.88% (阈值: 10.0%)
[2026-03-14 02:50:49] [溢价告警] 全球芯片LOF(501225) 溢价率: 10.79% (阈值: 10.0%)
[2026-03-14 05:16:49] [溢价告警] 国投白银LOF(161226) 溢价率: 28.88% (阈值: 10.0%)
[2026-03-14 05:16:50] [溢价告警] 全球芯片LOF(501225) 溢价率: 10.79% (阈值: 10.0%)
[2026-03-15 03:31:02] [溢价告警] 国投白银LOF(161226) 溢价率: 28.88% (阈值: 10.0%)
[2026-03-15 03:31:04] [溢价告警] 全球芯片LOF(501225) 溢价率: 10.79% (阈值: 10.0%)
[2026-03-15 05:45:54] [溢价告警] 国投白银LOF(161226) 溢价率: 28.88% (阈值: 10.0%)
[2026-03-15 05:45:55] [溢价告警] 全球芯片LOF(501225) 溢价率: 10.79% (阈值: 10.0%)
[2026-03-16 03:33:50] [溢价告警] 国投白银LOF(161226) 溢价率: 20.20% (阈值: 10.0%)
[2026-03-16 03:33:52] [溢价告警] 原油LOF易方达(161129) 溢价率: 12.65% (阈值: 10.0%)
[2026-03-16 03:33:53] [溢价告警] 嘉实原油LOF(160723) 溢价率: 11.74% (阈值: 10.0%)
[2026-03-16 03:33:55] [溢价告警] 石油基金LOF(160416) 溢价率: 11.52% (阈值: 10.0%)
[2026-03-16 03:33:59] [溢价告警] 南方原油LOF(501018) 溢价率: 10.66% (阈值: 10.0%)
[2026-03-16 05:58:31] [溢价告警] 国投白银LOF(161226) 溢价率: 22.28% (阈值: 10.0%)
[2026-03-16 05:58:32] [溢价告警] 原油LOF易方达(161129) 溢价率: 12.16% (阈值: 10.0%)
[2026-03-16 05:58:33] [溢价告警] 嘉实原油LOF(160723) 溢价率: 11.22% (阈值: 10.0%)
[2026-03-16 05:58:34] [溢价告警] 石油基金LOF(160416) 溢价率: 10.27% (阈值: 10.0%)
[2026-03-16 05:58:35] [溢价告警] 全球芯片LOF(501225) 溢价率: 10.69% (阈值: 10.0%)
[2026-03-16 05:58:39] [溢价告警] 南方原油LOF(501018) 溢价率: 10.19% (阈值: 10.0%)
[2026-03-17 03:12:38] [溢价告警] 国投白银LOF(161226) 溢价率: 28.94% (阈值: 10.0%)
[2026-03-17 03:12:41] [溢价告警] 原油LOF易方达(161129) 溢价率: 16.62% (阈值: 10.0%)
[2026-03-17 03:12:43] [溢价告警] 嘉实原油LOF(160723) 溢价率: 17.44% (阈值: 10.0%)
[2026-03-17 03:12:44] [溢价告警] 全球芯片LOF(501225) 溢价率: 12.34% (阈值: 10.0%)
[2026-03-17 03:12:50] [溢价告警] 南方原油LOF(501018) 溢价率: 14.70% (阈值: 10.0%)
[2026-03-17 05:37:18] [溢价告警] 国投白银LOF(161226) 溢价率: 30.45% (阈值: 10.0%)
[2026-03-17 05:37:19] [溢价告警] 原油LOF易方达(161129) 溢价率: 19.46% (阈值: 10.0%)
[2026-03-17 05:37:20] [溢价告警] 嘉实原油LOF(160723) 溢价率: 21.04% (阈值: 10.0%)
[2026-03-17 05:37:22] [溢价告警] 全球芯片LOF(501225) 溢价率: 12.48% (阈值: 10.0%)
[2026-03-17 05:37:27] [溢价告警] 南方原油LOF(501018) 溢价率: 16.89% (阈值: 10.0%)
[2026-03-18 03:20:43] [溢价告警] 国投白银LOF(161226) 溢价率: 24.60% (阈值: 10.0%)
[2026-03-18 03:20:45] [溢价告警] 原油LOF易方达(161129) 溢价率: 23.13% (阈值: 10.0%)
[2026-03-18 03:20:47] [溢价告警] 嘉实原油LOF(160723) 溢价率: 24.19% (阈值: 10.0%)
[2026-03-18 03:20:49] [溢价告警] 石油基金LOF(160416) 溢价率: 13.33% (阈值: 10.0%)
[2026-03-18 03:20:53] [溢价告警] 南方原油LOF(501018) 溢价率: 22.84% (阈值: 10.0%)
[2026-03-18 05:42:24] [溢价告警] 国投白银LOF(161226) 溢价率: 24.77% (阈值: 10.0%)
[2026-03-18 05:42:25] [溢价告警] 原油LOF易方达(161129) 溢价率: 15.02% (阈值: 10.0%)
[2026-03-18 05:42:26] [溢价告警] 嘉实原油LOF(160723) 溢价率: 15.52% (阈值: 10.0%)
[2026-03-18 05:42:29] [溢价告警] 南方原油LOF(501018) 溢价率: 15.63% (阈值: 10.0%)
[2026-03-19 03:20:28] [溢价告警] 国投白银LOF(161226) 溢价率: 21.32% (阈值: 10.0%)
[2026-03-19 03:20:31] [溢价告警] 原油LOF易方达(161129) 溢价率: 22.03% (阈值: 10.0%)
[2026-03-19 03:20:33] [溢价告警] 嘉实原油LOF(160723) 溢价率: 23.09% (阈值: 10.0%)
[2026-03-19 03:20:35] [溢价告警] 石油基金LOF(160416) 溢价率: 11.46% (阈值: 10.0%)
[2026-03-19 03:20:37] [折价告警] 科创板长城(506008) 折价率: 10.08% (阈值: 10.0%)
[2026-03-19 03:20:42] [溢价告警] 南方原油LOF(501018) 溢价率: 23.05% (阈值: 10.0%)
[2026-03-19 05:39:20] [溢价告警] 国投白银LOF(161226) 溢价率: 18.81% (阈值: 10.0%)
[2026-03-19 05:39:21] [溢价告警] 原油LOF易方达(161129) 溢价率: 23.42% (阈值: 10.0%)
[2026-03-19 05:39:23] [溢价告警] 嘉实原油LOF(160723) 溢价率: 24.29% (阈值: 10.0%)
[2026-03-19 05:39:24] [溢价告警] 石油基金LOF(160416) 溢价率: 13.53% (阈值: 10.0%)
[2026-03-19 05:39:25] [折价告警] 科创板长城(506008) 折价率: 10.86% (阈值: 10.0%)
[2026-03-19 05:39:30] [溢价告警] 南方原油LOF(501018) 溢价率: 24.54% (阈值: 10.0%)
[2026-03-20 03:10:30] [溢价告警] 国投白银LOF(161226) 溢价率: 27.52% (阈值: 10.0%)
[2026-03-20 03:10:33] [溢价告警] 原油LOF易方达(161129) 溢价率: 26.77% (阈值: 10.0%)
[2026-03-20 03:10:35] [溢价告警] 嘉实原油LOF(160723) 溢价率: 28.13% (阈值: 10.0%)
[2026-03-20 03:10:37] [溢价告警] 石油基金LOF(160416) 溢价率: 21.63% (阈值: 10.0%)
[2026-03-20 03:10:39] [溢价告警] 南方原油LOF(501018) 溢价率: 29.14% (阈值: 10.0%)
[2026-03-20 05:30:44] [溢价告警] 国投白银LOF(161226) 溢价率: 27.61% (阈值: 10.0%)
[2026-03-20 05:30:45] [溢价告警] 原油LOF易方达(161129) 溢价率: 30.83% (阈值: 10.0%)
[2026-03-20 05:30:46] [溢价告警] 嘉实原油LOF(160723) 溢价率: 32.92% (阈值: 10.0%)
[2026-03-20 05:30:46] [溢价告警] 石油基金LOF(160416) 溢价率: 24.91% (阈值: 10.0%)
[2026-03-20 05:30:49] [溢价告警] 南方原油LOF(501018) 溢价率: 34.04% (阈值: 10.0%)
[2026-03-21 02:47:41] [溢价告警] 国投白银LOF(161226) 溢价率: 36.88% (阈值: 10.0%)
[2026-03-21 02:47:44] [溢价告警] 原油LOF易方达(161129) 溢价率: 27.30% (阈值: 10.0%)
[2026-03-21 02:47:45] [溢价告警] 嘉实原油LOF(160723) 溢价率: 27.88% (阈值: 10.0%)
[2026-03-21 02:47:47] [溢价告警] 石油基金LOF(160416) 溢价率: 14.76% (阈值: 10.0%)
[2026-03-21 02:47:52] [溢价告警] 南方原油LOF(501018) 溢价率: 29.96% (阈值: 10.0%)
[2026-03-21 05:13:21] [溢价告警] 国投白银LOF(161226) 溢价率: 36.88% (阈值: 10.0%)
[2026-03-21 05:13:22] [溢价告警] 原油LOF易方达(161129) 溢价率: 27.30% (阈值: 10.0%)
[2026-03-21 05:13:24] [溢价告警] 嘉实原油LOF(160723) 溢价率: 27.88% (阈值: 10.0%)
[2026-03-21 05:13:26] [溢价告警] 石油基金LOF(160416) 溢价率: 14.76% (阈值: 10.0%)
[2026-03-21 05:13:29] [溢价告警] 南方原油LOF(501018) 溢价率: 29.96% (阈值: 10.0%)
[2026-03-22 03:21:14] [溢价告警] 国投白银LOF(161226) 溢价率: 36.88% (阈值: 10.0%)
[2026-03-22 03:21:17] [溢价告警] 原油LOF易方达(161129) 溢价率: 27.30% (阈值: 10.0%)
[2026-03-22 03:21:20] [溢价告警] 嘉实原油LOF(160723) 溢价率: 27.88% (阈值: 10.0%)
[2026-03-22 03:21:22] [溢价告警] 石油基金LOF(160416) 溢价率: 14.76% (阈值: 10.0%)
[2026-03-22 03:21:29] [溢价告警] 南方原油LOF(501018) 溢价率: 29.96% (阈值: 10.0%)
[2026-03-22 05:34:05] [溢价告警] 国投白银LOF(161226) 溢价率: 36.88% (阈值: 10.0%)
[2026-03-22 05:34:06] [溢价告警] 原油LOF易方达(161129) 溢价率: 27.30% (阈值: 10.0%)
[2026-03-22 05:34:07] [溢价告警] 嘉实原油LOF(160723) 溢价率: 27.88% (阈值: 10.0%)
[2026-03-22 05:34:12] [溢价告警] 石油基金LOF(160416) 溢价率: 14.76% (阈值: 10.0%)
[2026-03-22 05:34:18] [溢价告警] 南方原油LOF(501018) 溢价率: 29.96% (阈值: 10.0%)
[2026-03-23 03:24:08] [溢价告警] 国投白银LOF(161226) 溢价率: 23.22% (阈值: 10.0%)
[2026-03-23 03:24:11] [溢价告警] 原油LOF易方达(161129) 溢价率: 39.97% (阈值: 10.0%)
[2026-03-23 03:24:13] [溢价告警] 嘉实原油LOF(160723) 溢价率: 40.28% (阈值: 10.0%)
[2026-03-23 03:24:14] [溢价告警] 石油基金LOF(160416) 溢价率: 24.97% (阈值: 10.0%)
[2026-03-23 03:24:16] [折价告警] 科创板长城(506008) 折价率: 11.27% (阈值: 10.0%)
[2026-03-23 03:24:22] [溢价告警] 南方原油LOF(501018) 溢价率: 42.87% (阈值: 10.0%)
[2026-03-23 05:47:57] [溢价告警] 国投白银LOF(161226) 溢价率: 23.22% (阈值: 10.0%)
[2026-03-23 05:47:57] [溢价告警] 原油LOF易方达(161129) 溢价率: 40.02% (阈值: 10.0%)
[2026-03-23 05:47:58] [溢价告警] 嘉实原油LOF(160723) 溢价率: 40.66% (阈值: 10.0%)
[2026-03-23 05:47:59] [溢价告警] 石油基金LOF(160416) 溢价率: 25.20% (阈值: 10.0%)
[2026-03-23 05:48:01] [折价告警] 科创板长城(506008) 折价率: 13.09% (阈值: 10.0%)
[2026-03-23 05:48:01] [折价告警] 易方达科创板(506002) 折价率: 10.36% (阈值: 10.0%)
[2026-03-23 05:48:08] [折价告警] 嘉实瑞虹(501088) 折价率: 10.43% (阈值: 10.0%)
[2026-03-23 05:48:09] [折价告警] 经典成长(501065) 折价率: 10.63% (阈值: 10.0%)
[2026-03-23 05:48:11] [折价告警] 财通福鑫定开混合(501046) 折价率: 10.25% (阈值: 10.0%)
[2026-03-23 05:48:14] [溢价告警] 南方原油LOF(501018) 溢价率: 42.98% (阈值: 10.0%)
[2026-03-24 03:13:31] [溢价告警] 煤炭LOF(168204) 溢价率: 19.34% (阈值: 10.0%)
[2026-03-24 03:13:34] [溢价告警] 石油LOF(162719) 溢价率: 14.50% (阈值: 10.0%)
[2026-03-24 03:13:35] [溢价告警] 国投白银LOF(161226) 溢价率: 29.94% (阈值: 10.0%)
[2026-03-24 03:13:37] [溢价告警] 原油LOF易方达(161129) 溢价率: 49.99% (阈值: 10.0%)
[2026-03-24 03:13:38] [溢价告警] 嘉实原油LOF(160723) 溢价率: 48.81% (阈值: 10.0%)
[2026-03-24 03:13:41] [溢价告警] 石油基金LOF(160416) 溢价率: 33.68% (阈值: 10.0%)
[2026-03-24 03:13:46] [溢价告警] 南方原油LOF(501018) 溢价率: 41.73% (阈值: 10.0%)
[2026-03-24 05:38:49] [溢价告警] 煤炭LOF(168204) 溢价率: 19.38% (阈值: 10.0%)
[2026-03-24 05:38:50] [溢价告警] 石油LOF(162719) 溢价率: 17.43% (阈值: 10.0%)
[2026-03-24 05:38:50] [溢价告警] 国投白银LOF(161226) 溢价率: 27.87% (阈值: 10.0%)
[2026-03-24 05:38:51] [溢价告警] 原油LOF易方达(161129) 溢价率: 50.22% (阈值: 10.0%)
[2026-03-24 05:38:52] [溢价告警] 嘉实原油LOF(160723) 溢价率: 48.62% (阈值: 10.0%)
[2026-03-24 05:38:55] [溢价告警] 石油基金LOF(160416) 溢价率: 36.27% (阈值: 10.0%)
[2026-03-24 05:39:00] [溢价告警] 南方原油LOF(501018) 溢价率: 41.73% (阈值: 10.0%)
[2026-03-25 03:18:42] [溢价告警] 国投白银LOF(161226) 溢价率: 38.90% (阈值: 10.0%)
[2026-03-25 03:18:44] [溢价告警] 原油LOF易方达(161129) 溢价率: 49.91% (阈值: 10.0%)
[2026-03-25 03:18:47] [溢价告警] 嘉实原油LOF(160723) 溢价率: 46.59% (阈值: 10.0%)
[2026-03-25 03:18:48] [溢价告警] 石油基金LOF(160416) 溢价率: 21.85% (阈值: 10.0%)
[2026-03-25 03:18:52] [溢价告警] 南方原油LOF(501018) 溢价率: 42.02% (阈值: 10.0%)
[2026-03-25 05:39:25] [溢价告警] 国投白银LOF(161226) 溢价率: 38.84% (阈值: 10.0%)
[2026-03-25 05:39:26] [溢价告警] 原油LOF易方达(161129) 溢价率: 48.87% (阈值: 10.0%)
[2026-03-25 05:39:27] [溢价告警] 嘉实原油LOF(160723) 溢价率: 45.73% (阈值: 10.0%)
[2026-03-25 05:39:28] [溢价告警] 石油基金LOF(160416) 溢价率: 21.38% (阈值: 10.0%)
[2026-03-25 05:39:33] [溢价告警] 南方原油LOF(501018) 溢价率: 41.56% (阈值: 10.0%)
[2026-03-26 03:27:25] [溢价告警] 国投白银LOF(161226) 溢价率: 32.93% (阈值: 10.0%)
[2026-03-26 03:27:27] [溢价告警] 原油LOF易方达(161129) 溢价率: 45.71% (阈值: 10.0%)
[2026-03-26 03:27:29] [溢价告警] 嘉实原油LOF(160723) 溢价率: 41.94% (阈值: 10.0%)
[2026-03-26 03:27:31] [溢价告警] 石油基金LOF(160416) 溢价率: 17.94% (阈值: 10.0%)
[2026-03-26 03:27:38] [溢价告警] 南方原油LOF(501018) 溢价率: 40.83% (阈值: 10.0%)
[2026-03-26 05:50:30] [溢价告警] 国投白银LOF(161226) 溢价率: 29.36% (阈值: 10.0%)
[2026-03-26 05:50:31] [溢价告警] 原油LOF易方达(161129) 溢价率: 46.08% (阈值: 10.0%)
[2026-03-26 05:50:33] [溢价告警] 嘉实原油LOF(160723) 溢价率: 42.64% (阈值: 10.0%)
[2026-03-26 05:50:35] [溢价告警] 石油基金LOF(160416) 溢价率: 22.44% (阈值: 10.0%)
[2026-03-26 05:50:40] [溢价告警] 南方原油LOF(501018) 溢价率: 41.06% (阈值: 10.0%)
[2026-03-27 03:30:08] [溢价告警] 石油LOF(162719) 溢价率: 17.02% (阈值: 10.0%)
[2026-03-27 03:30:09] [溢价告警] 国投白银LOF(161226) 溢价率: 29.97% (阈值: 10.0%)
[2026-03-27 03:30:11] [溢价告警] 原油LOF易方达(161129) 溢价率: 42.28% (阈值: 10.0%)
[2026-03-27 03:30:13] [溢价告警] 嘉实原油LOF(160723) 溢价率: 38.47% (阈值: 10.0%)
[2026-03-27 03:30:14] [溢价告警] 石油基金LOF(160416) 溢价率: 29.41% (阈值: 10.0%)
[2026-03-27 03:30:18] [溢价告警] 南方原油LOF(501018) 溢价率: 40.59% (阈值: 10.0%)
[2026-03-27 05:51:20] [溢价告警] 石油LOF(162719) 溢价率: 15.24% (阈值: 10.0%)
[2026-03-27 05:51:22] [溢价告警] 国投白银LOF(161226) 溢价率: 34.57% (阈值: 10.0%)
[2026-03-27 05:51:24] [溢价告警] 原油LOF易方达(161129) 溢价率: 42.47% (阈值: 10.0%)
[2026-03-27 05:51:25] [溢价告警] 嘉实原油LOF(160723) 溢价率: 37.86% (阈值: 10.0%)
[2026-03-27 05:51:26] [溢价告警] 石油基金LOF(160416) 溢价率: 26.60% (阈值: 10.0%)
[2026-03-27 05:51:29] [溢价告警] 南方原油LOF(501018) 溢价率: 42.08% (阈值: 10.0%)
[2026-03-28 03:16:06] [溢价告警] 石油LOF(162719) 溢价率: 17.16% (阈值: 10.0%)
[2026-03-28 03:16:08] [溢价告警] 国投白银LOF(161226) 溢价率: 37.99% (阈值: 10.0%)
[2026-03-28 03:16:09] [溢价告警] 原油LOF易方达(161129) 溢价率: 35.18% (阈值: 10.0%)
[2026-03-28 03:16:10] [溢价告警] 嘉实原油LOF(160723) 溢价率: 31.21% (阈值: 10.0%)
[2026-03-28 03:16:11] [溢价告警] 石油基金LOF(160416) 溢价率: 26.45% (阈值: 10.0%)
[2026-03-28 03:16:13] [溢价告警] 南方原油LOF(501018) 溢价率: 35.45% (阈值: 10.0%)
[2026-03-28 05:39:17] [溢价告警] 石油LOF(162719) 溢价率: 17.16% (阈值: 10.0%)
[2026-03-28 05:39:18] [溢价告警] 国投白银LOF(161226) 溢价率: 37.99% (阈值: 10.0%)
[2026-03-28 05:39:18] [溢价告警] 原油LOF易方达(161129) 溢价率: 35.18% (阈值: 10.0%)
[2026-03-28 05:39:19] [溢价告警] 嘉实原油LOF(160723) 溢价率: 31.21% (阈值: 10.0%)
[2026-03-28 05:39:19] [溢价告警] 石油基金LOF(160416) 溢价率: 26.45% (阈值: 10.0%)
[2026-03-28 05:39:20] [溢价告警] 南方原油LOF(501018) 溢价率: 35.45% (阈值: 10.0%)
